(0000) 3000  0011000000000000 (  24)                 .ORIG x3000
(3000) E063  1110000001100011 (  26)                 LEA   R0 classHeader
(3001) F022  1111000000100010 (  27)                 TRAP  x22
(3002) 208B  0010000010001011 (  28)                 LD    R0 newLine
(3003) F021  1111000000100001 (  29)                 TRAP  x21
(3004) E08A  1110000010001010 (  35)                 LEA   R0 promptNum
(3005) F022  1111000000100010 (  36)                 TRAP  x22
(3006) F020  1111000000100000 (  37)                 TRAP  x20
(3007) F021  1111000000100001 (  38)                 TRAP  x21
(3008) 4835  0100100000110101 (  42)                 JSR   ASCIItoBinary
(3009) 5260  0101001001100000 (  43)                 AND   R1 R1 #0
(300A) 1201  0001001000000001 (  44)                 ADD   R1 R0 R1
(300B) E083  1110000010000011 (  47)                 LEA   R0 promptNum
(300C) F022  1111000000100010 (  48)                 TRAP  x22
(300D) F020  1111000000100000 (  49)                 TRAP  x20
(300E) F021  1111000000100001 (  50)                 TRAP  x21
(300F) 482E  0100100000101110 (  53)                 JSR   ASCIItoBinary
(3010) 54A0  0101010010100000 (  54)                 AND   R2 R2 #0
(3011) 1402  0001010000000010 (  55)                 ADD   R2 R0 R2
(3012) E091  1110000010010001 (  59)                 LEA   R0 promptOperator
(3013) F022  1111000000100010 (  60)                 TRAP  x22
(3014) E0B0  1110000010110000 (  61)                 LEA   R0 opKey
(3015) F022  1111000000100010 (  62)                 TRAP  x22
(3016) E0DD  1110000011011101 (  63)                 LEA   R0 promptExit
(3017) F022  1111000000100010 (  64)                 TRAP  x22
(3018) F020  1111000000100000 (  65)                 TRAP  x20
(3019) F021  1111000000100001 (  66)                 TRAP  x21
(301A) 28FA  0010100011111010 (  69)                 LD    R4 NegPlus
(301B) 1900  0001100100000000 (  70)                 ADD   R4 R4 R0
(301C) 040A  0000010000001010 (  71)                 BRZ   GoOpAdd
(301D) 28F8  0010100011111000 (  73)                 LD    R4 NegMulti
(301E) 1900  0001100100000000 (  74)                 ADD   R4 R4 R0
(301F) 040A  0000010000001010 (  75)                 BRZ   GoOpMulti
(3020) 28F6  0010100011110110 (  77)                 LD    R4 NegN
(3021) 1900  0001100100000000 (  78)                 ADD   R4 R4 R0
(3022) 040A  0000010000001010 (  79)                 BRZ   GoOpNegate
(3023) 28F4  0010100011110100 (  81)                 LD    R4 NegC
(3024) 1900  0001100100000000 (  82)                 ADD   R4 R4 R0
(3025) 0412  0000010000010010 (  83)                 BRZ   GoOpClear
(3026) 0A13  0000101000010011 (  85)                 BRNP  Exit
(3027) 481A  0100100000011010 (  87) GoOpAdd         JSR   OpAdd
(3028) F021  1111000000100001 (  88)                 TRAP  x21
(3029) 0E10  0000111000010000 (  89)                 BRNZP Exit
(302A) 481C  0100100000011100 (  91) GoOpMulti       JSR   OpMulti
(302B) F021  1111000000100001 (  92)                 TRAP  x21
(302C) 0E0D  0000111000001101 (  93)                 BRNZP Exit
(302D) 4823  0100100000100011 (  95) GoOpNegate      JSR   OpNegate
(302E) 28E5  0010100011100101 (  96)                 LD    R4 ASCIINegSign
(302F) 5B60  0101101101100000 (  97)                 AND   R5 R5 #0
(3030) 1B40  0001101101000000 (  98)                 ADD   R5 R5 R0
(3031) 5020  0101000000100000 (  99)                 AND   R0 R0 #0
(3032) 1004  0001000000000100 ( 100)                 ADD   R0 R0 R4
(3033) F021  1111000000100001 ( 101)                 TRAP  x21
(3034) 5020  0101000000100000 ( 102)                 AND   R0 R0 #0
(3035) 1140  0001000101000000 ( 103)                 ADD   R0 R5 R0
(3036) F021  1111000000100001 ( 104)                 TRAP  x21
(3037) 0E02  0000111000000010 ( 105)                 BRNZP Exit
(3038) 4822  0100100000100010 ( 107) GoOpClear       JSR   OpClear
(3039) 0E00  0000111000000000 ( 108)                 BRNZP Exit
(303A) 5020  0101000000100000 ( 110) Exit            AND   R0 R0 #0
(303B) E0DD  1110000011011101 ( 112)                 LEA   R0 termination
(303C) F022  1111000000100010 ( 113)                 TRAP  x22
(303D) F025  1111000000100101 ( 114)                 TRAP  x25
(303E) 5920  0101100100100000 ( 119) ASCIItoBinary   AND   R4 R4 #0
(303F) 28D2  0010100011010010 ( 120)                 LD    R4 NegASCIIOffset
(3040) 1004  0001000000000100 ( 121)                 ADD   R0 R0 R4
(3041) C1C0  1100000111000000 ( 122)                 RET   
(3042) 56E0  0101011011100000 ( 124) OpAdd           AND   R3 R3 #0
(3043) 1642  0001011001000010 ( 125)                 ADD   R3 R1 R2
(3044) 28CE  0010100011001110 ( 126)                 LD    R4 PosASCIIOffset
(3045) 10C4  0001000011000100 ( 127)                 ADD   R0 R3 R4
(3046) C1C0  1100000111000000 ( 128)                 RET   
(3047) 56E0  0101011011100000 ( 130) OpMulti         AND   R3 R3 #0
(3048) 5B60  0101101101100000 ( 131)                 AND   R5 R5 #0
(3049) 1A45  0001101001000101 ( 132)                 ADD   R5 R1 R5
(304A) 16C2  0001011011000010 ( 135) MultiLoop       ADD   R3 R3 R2
(304B) 1B7F  0001101101111111 ( 136)                 ADD   R5 R5 #-1
(304C) 03FD  0000001111111101 ( 137)                 BRP   MultiLoop
(304D) 28C5  0010100011000101 ( 139)                 LD    R4 PosASCIIOffset
(304E) 5020  0101000000100000 ( 140)                 AND   R0 R0 #0
(304F) 1103  0001000100000011 ( 141)                 ADD   R0 R4 R3
(3050) C1C0  1100000111000000 ( 142)                 RET   
(3051) 56E0  0101011011100000 ( 144) OpNegate        AND   R3 R3 #0
(3052) 1683  0001011010000011 ( 145)                 ADD   R3 R2 R3
(3053) 1A82  0001101010000010 ( 146)                 ADD   R5 R2 R2
(3054) 96FF  1001011011111111 ( 147)                 NOT   R3 R3
(3055) 16E1  0001011011100001 ( 148)                 ADD   R3 R3 #1
(3056) 28BC  0010100010111100 ( 149)                 LD    R4 PosASCIIOffset
(3057) 5020  0101000000100000 ( 150)                 AND   R0 R0 #0
(3058) 10C4  0001000011000100 ( 151)                 ADD   R0 R3 R4
(3059) 1005  0001000000000101 ( 152)                 ADD   R0 R0 R5
(305A) C1C0  1100000111000000 ( 153)                 RET   
(305B) 5020  0101000000100000 ( 155) OpClear         AND   R0 R0 #0
(305C) 5260  0101001001100000 ( 156)                 AND   R1 R1 #0
(305D) 54A0  0101010010100000 ( 157)                 AND   R2 R2 #0
(305E) 56E0  0101011011100000 ( 158)                 AND   R3 R3 #0
(305F) 5920  0101100100100000 ( 159)                 AND   R4 R4 #0
(3060) 5B60  0101101101100000 ( 160)                 AND   R5 R5 #0
(3061) 5DE0  0101110111100000 ( 161)                 AND   R6 R7 #0
(3062) C1C0  1100000111000000 ( 162)                 RET   
(3063) 0000  0000000000000000 ( 172) answer          .FILL x0000
(3064) 0043  0000000001000011 ( 172) classHeader     .FILL x0043
(3065) 0053  0000000001010011 ( 172)                 .FILL x0053
(3066) 0020  0000000000100000 ( 172)                 .FILL x0020
(3067) 0032  0000000000110010 ( 172)                 .FILL x0032
(3068) 0038  0000000000111000 ( 172)                 .FILL x0038
(3069) 0031  0000000000110001 ( 172)                 .FILL x0031
(306A) 0030  0000000000110000 ( 172)                 .FILL x0030
(306B) 002D  0000000000101101 ( 172)                 .FILL x002D
(306C) 0030  0000000000110000 ( 172)                 .FILL x0030
(306D) 0030  0000000000110000 ( 172)                 .FILL x0030
(306E) 0032  0000000000110010 ( 172)                 .FILL x0032
(306F) 000A  0000000000001010 ( 172)                 .FILL x000A
(3070) 0052  0000000001010010 ( 172)                 .FILL x0052
(3071) 0075  0000000001110101 ( 172)                 .FILL x0075
(3072) 0073  0000000001110011 ( 172)                 .FILL x0073
(3073) 0073  0000000001110011 ( 172)                 .FILL x0073
(3074) 0065  0000000001100101 ( 172)                 .FILL x0065
(3075) 006C  0000000001101100 ( 172)                 .FILL x006C
(3076) 006C  0000000001101100 ( 172)                 .FILL x006C
(3077) 0020  0000000000100000 ( 172)                 .FILL x0020
(3078) 0041  0000000001000001 ( 172)                 .FILL x0041
(3079) 006E  0000000001101110 ( 172)                 .FILL x006E
(307A) 0064  0000000001100100 ( 172)                 .FILL x0064
(307B) 006C  0000000001101100 ( 172)                 .FILL x006C
(307C) 0061  0000000001100001 ( 172)                 .FILL x0061
(307D) 0075  0000000001110101 ( 172)                 .FILL x0075
(307E) 0065  0000000001100101 ( 172)                 .FILL x0065
(307F) 0072  0000000001110010 ( 172)                 .FILL x0072
(3080) 000A  0000000000001010 ( 172)                 .FILL x000A
(3081) 0050  0000000001010000 ( 172)                 .FILL x0050
(3082) 0072  0000000001110010 ( 172)                 .FILL x0072
(3083) 006F  0000000001101111 ( 172)                 .FILL x006F
(3084) 006A  0000000001101010 ( 172)                 .FILL x006A
(3085) 0065  0000000001100101 ( 172)                 .FILL x0065
(3086) 0063  0000000001100011 ( 172)                 .FILL x0063
(3087) 0074  0000000001110100 ( 172)                 .FILL x0074
(3088) 0020  0000000000100000 ( 172)                 .FILL x0020
(3089) 0023  0000000000100011 ( 172)                 .FILL x0023
(308A) 0034  0000000000110100 ( 172)                 .FILL x0034
(308B) 000A  0000000000001010 ( 172)                 .FILL x000A
(308C) 000A  0000000000001010 ( 172)                 .FILL x000A
(308D) 0000  0000000000000000 ( 172)                 .FILL x0000
(308E) 000A  0000000000001010 ( 173) newLine         .FILL x000A
(308F) 000A  0000000000001010 ( 174) promptNum       .FILL x000A
(3090) 0045  0000000001000101 ( 174)                 .FILL x0045
(3091) 006E  0000000001101110 ( 174)                 .FILL x006E
(3092) 0074  0000000001110100 ( 174)                 .FILL x0074
(3093) 0065  0000000001100101 ( 174)                 .FILL x0065
(3094) 0072  0000000001110010 ( 174)                 .FILL x0072
(3095) 0020  0000000000100000 ( 174)                 .FILL x0020
(3096) 0061  0000000001100001 ( 174)                 .FILL x0061
(3097) 0020  0000000000100000 ( 174)                 .FILL x0020
(3098) 006E  0000000001101110 ( 174)                 .FILL x006E
(3099) 0075  0000000001110101 ( 174)                 .FILL x0075
(309A) 006D  0000000001101101 ( 174)                 .FILL x006D
(309B) 0062  0000000001100010 ( 174)                 .FILL x0062
(309C) 0065  0000000001100101 ( 174)                 .FILL x0065
(309D) 0072  0000000001110010 ( 174)                 .FILL x0072
(309E) 0020  0000000000100000 ( 174)                 .FILL x0020
(309F) 0030  0000000000110000 ( 174)                 .FILL x0030
(30A0) 002D  0000000000101101 ( 174)                 .FILL x002D
(30A1) 0039  0000000000111001 ( 174)                 .FILL x0039
(30A2) 000A  0000000000001010 ( 174)                 .FILL x000A
(30A3) 0000  0000000000000000 ( 174)                 .FILL x0000
(30A4) 000A  0000000000001010 ( 175) promptOperator  .FILL x000A
(30A5) 000A  0000000000001010 ( 175)                 .FILL x000A
(30A6) 0043  0000000001000011 ( 175)                 .FILL x0043
(30A7) 0068  0000000001101000 ( 175)                 .FILL x0068
(30A8) 006F  0000000001101111 ( 175)                 .FILL x006F
(30A9) 006F  0000000001101111 ( 175)                 .FILL x006F
(30AA) 0073  0000000001110011 ( 175)                 .FILL x0073
(30AB) 0065  0000000001100101 ( 175)                 .FILL x0065
(30AC) 0020  0000000000100000 ( 175)                 .FILL x0020
(30AD) 006F  0000000001101111 ( 175)                 .FILL x006F
(30AE) 0070  0000000001110000 ( 175)                 .FILL x0070
(30AF) 0065  0000000001100101 ( 175)                 .FILL x0065
(30B0) 0072  0000000001110010 ( 175)                 .FILL x0072
(30B1) 0061  0000000001100001 ( 175)                 .FILL x0061
(30B2) 0074  0000000001110100 ( 175)                 .FILL x0074
(30B3) 0069  0000000001101001 ( 175)                 .FILL x0069
(30B4) 006F  0000000001101111 ( 175)                 .FILL x006F
(30B5) 006E  0000000001101110 ( 175)                 .FILL x006E
(30B6) 003A  0000000000111010 ( 175)                 .FILL x003A
(30B7) 0020  0000000000100000 ( 175)                 .FILL x0020
(30B8) 002B  0000000000101011 ( 175)                 .FILL x002B
(30B9) 002C  0000000000101100 ( 175)                 .FILL x002C
(30BA) 002A  0000000000101010 ( 175)                 .FILL x002A
(30BB) 002C  0000000000101100 ( 175)                 .FILL x002C
(30BC) 006E  0000000001101110 ( 175)                 .FILL x006E
(30BD) 002C  0000000000101100 ( 175)                 .FILL x002C
(30BE) 0020  0000000000100000 ( 175)                 .FILL x0020
(30BF) 006F  0000000001101111 ( 175)                 .FILL x006F
(30C0) 0072  0000000001110010 ( 175)                 .FILL x0072
(30C1) 0020  0000000000100000 ( 175)                 .FILL x0020
(30C2) 0063  0000000001100011 ( 175)                 .FILL x0063
(30C3) 000A  0000000000001010 ( 175)                 .FILL x000A
(30C4) 0000  0000000000000000 ( 175)                 .FILL x0000
(30C5) 000A  0000000000001010 ( 176) opKey           .FILL x000A
(30C6) 002B  0000000000101011 ( 176)                 .FILL x002B
(30C7) 0020  0000000000100000 ( 176)                 .FILL x0020
(30C8) 003D  0000000000111101 ( 176)                 .FILL x003D
(30C9) 0020  0000000000100000 ( 176)                 .FILL x0020
(30CA) 0061  0000000001100001 ( 176)                 .FILL x0061
(30CB) 0064  0000000001100100 ( 176)                 .FILL x0064
(30CC) 0064  0000000001100100 ( 176)                 .FILL x0064
(30CD) 002C  0000000000101100 ( 176)                 .FILL x002C
(30CE) 0020  0000000000100000 ( 176)                 .FILL x0020
(30CF) 002A  0000000000101010 ( 176)                 .FILL x002A
(30D0) 0020  0000000000100000 ( 176)                 .FILL x0020
(30D1) 003D  0000000000111101 ( 176)                 .FILL x003D
(30D2) 0020  0000000000100000 ( 176)                 .FILL x0020
(30D3) 006D  0000000001101101 ( 176)                 .FILL x006D
(30D4) 0075  0000000001110101 ( 176)                 .FILL x0075
(30D5) 006C  0000000001101100 ( 176)                 .FILL x006C
(30D6) 0074  0000000001110100 ( 176)                 .FILL x0074
(30D7) 0069  0000000001101001 ( 176)                 .FILL x0069
(30D8) 0070  0000000001110000 ( 176)                 .FILL x0070
(30D9) 006C  0000000001101100 ( 176)                 .FILL x006C
(30DA) 0079  0000000001111001 ( 176)                 .FILL x0079
(30DB) 002C  0000000000101100 ( 176)                 .FILL x002C
(30DC) 0020  0000000000100000 ( 176)                 .FILL x0020
(30DD) 006E  0000000001101110 ( 176)                 .FILL x006E
(30DE) 0020  0000000000100000 ( 176)                 .FILL x0020
(30DF) 003D  0000000000111101 ( 176)                 .FILL x003D
(30E0) 0020  0000000000100000 ( 176)                 .FILL x0020
(30E1) 006E  0000000001101110 ( 176)                 .FILL x006E
(30E2) 0065  0000000001100101 ( 176)                 .FILL x0065
(30E3) 0067  0000000001100111 ( 176)                 .FILL x0067
(30E4) 0061  0000000001100001 ( 176)                 .FILL x0061
(30E5) 0074  0000000001110100 ( 176)                 .FILL x0074
(30E6) 0065  0000000001100101 ( 176)                 .FILL x0065
(30E7) 002C  0000000000101100 ( 176)                 .FILL x002C
(30E8) 0020  0000000000100000 ( 176)                 .FILL x0020
(30E9) 0063  0000000001100011 ( 176)                 .FILL x0063
(30EA) 0020  0000000000100000 ( 176)                 .FILL x0020
(30EB) 003D  0000000000111101 ( 176)                 .FILL x003D
(30EC) 0020  0000000000100000 ( 176)                 .FILL x0020
(30ED) 0063  0000000001100011 ( 176)                 .FILL x0063
(30EE) 006C  0000000001101100 ( 176)                 .FILL x006C
(30EF) 0065  0000000001100101 ( 176)                 .FILL x0065
(30F0) 0061  0000000001100001 ( 176)                 .FILL x0061
(30F1) 0072  0000000001110010 ( 176)                 .FILL x0072
(30F2) 000A  0000000000001010 ( 176)                 .FILL x000A
(30F3) 0000  0000000000000000 ( 176)                 .FILL x0000
(30F4) 000A  0000000000001010 ( 177) promptExit      .FILL x000A
(30F5) 0045  0000000001000101 ( 177)                 .FILL x0045
(30F6) 006E  0000000001101110 ( 177)                 .FILL x006E
(30F7) 0074  0000000001110100 ( 177)                 .FILL x0074
(30F8) 0065  0000000001100101 ( 177)                 .FILL x0065
(30F9) 0072  0000000001110010 ( 177)                 .FILL x0072
(30FA) 0020  0000000000100000 ( 177)                 .FILL x0020
(30FB) 0061  0000000001100001 ( 177)                 .FILL x0061
(30FC) 006E  0000000001101110 ( 177)                 .FILL x006E
(30FD) 0079  0000000001111001 ( 177)                 .FILL x0079
(30FE) 0020  0000000000100000 ( 177)                 .FILL x0020
(30FF) 006F  0000000001101111 ( 177)                 .FILL x006F
(3100) 0074  0000000001110100 ( 177)                 .FILL x0074
(3101) 0068  0000000001101000 ( 177)                 .FILL x0068
(3102) 0065  0000000001100101 ( 177)                 .FILL x0065
(3103) 0072  0000000001110010 ( 177)                 .FILL x0072
(3104) 0020  0000000000100000 ( 177)                 .FILL x0020
(3105) 006B  0000000001101011 ( 177)                 .FILL x006B
(3106) 0065  0000000001100101 ( 177)                 .FILL x0065
(3107) 0079  0000000001111001 ( 177)                 .FILL x0079
(3108) 0020  0000000000100000 ( 177)                 .FILL x0020
(3109) 0074  0000000001110100 ( 177)                 .FILL x0074
(310A) 006F  0000000001101111 ( 177)                 .FILL x006F
(310B) 0020  0000000000100000 ( 177)                 .FILL x0020
(310C) 0045  0000000001000101 ( 177)                 .FILL x0045
(310D) 0078  0000000001111000 ( 177)                 .FILL x0078
(310E) 0069  0000000001101001 ( 177)                 .FILL x0069
(310F) 0074  0000000001110100 ( 177)                 .FILL x0074
(3110) 000A  0000000000001010 ( 177)                 .FILL x000A
(3111) 0000  0000000000000000 ( 177)                 .FILL x0000
(3112) FFD0  1111111111010000 ( 178) NegASCIIOffset  .FILL xFFD0
(3113) 0030  0000000000110000 ( 179) PosASCIIOffset  .FILL x0030
(3114) 002D  0000000000101101 ( 180) ASCIINegSign    .FILL x002D
(3115) FFD5  1111111111010101 ( 181) NegPlus         .FILL xFFD5
(3116) FFD6  1111111111010110 ( 182) NegMulti        .FILL xFFD6
(3117) FF92  1111111110010010 ( 183) NegN            .FILL xFF92
(3118) FF9D  1111111110011101 ( 184) NegC            .FILL xFF9D
(3119) 000A  0000000000001010 ( 185) termination     .FILL x000A
(311A) 0050  0000000001010000 ( 185)                 .FILL x0050
(311B) 0072  0000000001110010 ( 185)                 .FILL x0072
(311C) 006F  0000000001101111 ( 185)                 .FILL x006F
(311D) 0067  0000000001100111 ( 185)                 .FILL x0067
(311E) 0072  0000000001110010 ( 185)                 .FILL x0072
(311F) 0061  0000000001100001 ( 185)                 .FILL x0061
(3120) 006D  0000000001101101 ( 185)                 .FILL x006D
(3121) 0020  0000000000100000 ( 185)                 .FILL x0020
(3122) 0065  0000000001100101 ( 185)                 .FILL x0065
(3123) 0078  0000000001111000 ( 185)                 .FILL x0078
(3124) 0065  0000000001100101 ( 185)                 .FILL x0065
(3125) 0063  0000000001100011 ( 185)                 .FILL x0063
(3126) 0075  0000000001110101 ( 185)                 .FILL x0075
(3127) 0074  0000000001110100 ( 185)                 .FILL x0074
(3128) 0069  0000000001101001 ( 185)                 .FILL x0069
(3129) 006F  0000000001101111 ( 185)                 .FILL x006F
(312A) 006E  0000000001101110 ( 185)                 .FILL x006E
(312B) 0020  0000000000100000 ( 185)                 .FILL x0020
(312C) 0074  0000000001110100 ( 185)                 .FILL x0074
(312D) 0065  0000000001100101 ( 185)                 .FILL x0065
(312E) 0072  0000000001110010 ( 185)                 .FILL x0072
(312F) 006D  0000000001101101 ( 185)                 .FILL x006D
(3130) 0069  0000000001101001 ( 185)                 .FILL x0069
(3131) 006E  0000000001101110 ( 185)                 .FILL x006E
(3132) 0061  0000000001100001 ( 185)                 .FILL x0061
(3133) 0074  0000000001110100 ( 185)                 .FILL x0074
(3134) 0065  0000000001100101 ( 185)                 .FILL x0065
(3135) 0064  0000000001100100 ( 185)                 .FILL x0064
(3136) 0021  0000000000100001 ( 185)                 .FILL x0021
(3137) 000A  0000000000001010 ( 185)                 .FILL x000A
(3138) 0000  0000000000000000 ( 185)                 .FILL x0000
