(0000) 3000  0011000000000000 (  24)                 .ORIG x3000
(3000) E027  1110000000100111 (  25)                 LEA   R0 classHeader
(3001) F022  1111000000100010 (  26)                 TRAP  x22
(3002) 204F  0010000001001111 (  27)                 LD    R0 newLine
(3003) F021  1111000000100001 (  28)                 TRAP  x21
(3004) 204D  0010000001001101 (  30) newInput        LD    R0 newLine
(3005) 2288  0010001010001000 (  31)                 LD    R1 five
(3006) 947F  1001010001111111 (  32)                 NOT   R2 R1
(3007) 14A1  0001010010100001 (  33)                 ADD   R2 R2 #1
(3008) E04A  1110000001001010 (  34)                 LEA   R0 prompt
(3009) F022  1111000000100010 (  35)                 TRAP  x22
(300A) 5020  0101000000100000 (  36)                 AND   R0 R0 #0
(300B) F020  1111000000100000 (  37)                 TRAP  x20
(300C) F021  1111000000100001 (  38)                 TRAP  x21
(300D) 1080  0001000010000000 (  40)                 ADD   R0 R2 R0
(300E) 0404  0000010000000100 (  41)                 BRZ   done
(300F) 2042  0010000001000010 (  43)                 LD    R0 newLine
(3010) E057  1110000001010111 (  44)                 LEA   R0 incorrect
(3011) F022  1111000000100010 (  45)                 TRAP  x22
(3012) 0BF1  0000101111110001 (  46)                 BRNP  newInput
(3013) E07B  1110000001111011 (  48) done            LEA   R0 termination
(3014) F022  1111000000100010 (  49)                 TRAP  x22
(3015) F025  1111000000100101 (  50)                 TRAP  x25
(3016) 0000  0000000000000000 (  57) answer          .FILL x0000
(3017) 0000  0000000000000000 (  58)                 .FILL x0000
(3018) 0000  0000000000000000 (  58)                 .FILL x0000
(3019) 0000  0000000000000000 (  58)                 .FILL x0000
(301A) 0000  0000000000000000 (  58)                 .FILL x0000
(301B) 0000  0000000000000000 (  58)                 .FILL x0000
(301C) 0000  0000000000000000 (  58)                 .FILL x0000
(301D) 0000  0000000000000000 (  58)                 .FILL x0000
(301E) 0000  0000000000000000 (  58)                 .FILL x0000
(301F) 0000  0000000000000000 (  58)                 .FILL x0000
(3020) 0000  0000000000000000 (  58)                 .FILL x0000
(3021) 0000  0000000000000000 (  58)                 .FILL x0000
(3022) 0000  0000000000000000 (  58)                 .FILL x0000
(3023) 0000  0000000000000000 (  58)                 .FILL x0000
(3024) 0000  0000000000000000 (  58)                 .FILL x0000
(3025) 0000  0000000000000000 (  58)                 .FILL x0000
(3026) 0000  0000000000000000 (  58)                 .FILL x0000
(3027) FFFF  1111111111111111 (  58) stack           .FILL xFFFF
(3028) 0043  0000000001000011 (  60) classHeader     .FILL x0043
(3029) 0053  0000000001010011 (  60)                 .FILL x0053
(302A) 0020  0000000000100000 (  60)                 .FILL x0020
(302B) 0032  0000000000110010 (  60)                 .FILL x0032
(302C) 0038  0000000000111000 (  60)                 .FILL x0038
(302D) 0031  0000000000110001 (  60)                 .FILL x0031
(302E) 0030  0000000000110000 (  60)                 .FILL x0030
(302F) 002D  0000000000101101 (  60)                 .FILL x002D
(3030) 0030  0000000000110000 (  60)                 .FILL x0030
(3031) 0030  0000000000110000 (  60)                 .FILL x0030
(3032) 0032  0000000000110010 (  60)                 .FILL x0032
(3033) 000A  0000000000001010 (  60)                 .FILL x000A
(3034) 0052  0000000001010010 (  60)                 .FILL x0052
(3035) 0075  0000000001110101 (  60)                 .FILL x0075
(3036) 0073  0000000001110011 (  60)                 .FILL x0073
(3037) 0073  0000000001110011 (  60)                 .FILL x0073
(3038) 0065  0000000001100101 (  60)                 .FILL x0065
(3039) 006C  0000000001101100 (  60)                 .FILL x006C
(303A) 006C  0000000001101100 (  60)                 .FILL x006C
(303B) 0020  0000000000100000 (  60)                 .FILL x0020
(303C) 0041  0000000001000001 (  60)                 .FILL x0041
(303D) 006E  0000000001101110 (  60)                 .FILL x006E
(303E) 0064  0000000001100100 (  60)                 .FILL x0064
(303F) 006C  0000000001101100 (  60)                 .FILL x006C
(3040) 0061  0000000001100001 (  60)                 .FILL x0061
(3041) 0075  0000000001110101 (  60)                 .FILL x0075
(3042) 0065  0000000001100101 (  60)                 .FILL x0065
(3043) 0072  0000000001110010 (  60)                 .FILL x0072
(3044) 000A  0000000000001010 (  60)                 .FILL x000A
(3045) 0050  0000000001010000 (  60)                 .FILL x0050
(3046) 0072  0000000001110010 (  60)                 .FILL x0072
(3047) 006F  0000000001101111 (  60)                 .FILL x006F
(3048) 006A  0000000001101010 (  60)                 .FILL x006A
(3049) 0065  0000000001100101 (  60)                 .FILL x0065
(304A) 0063  0000000001100011 (  60)                 .FILL x0063
(304B) 0074  0000000001110100 (  60)                 .FILL x0074
(304C) 0020  0000000000100000 (  60)                 .FILL x0020
(304D) 0023  0000000000100011 (  60)                 .FILL x0023
(304E) 0033  0000000000110011 (  60)                 .FILL x0033
(304F) 000A  0000000000001010 (  60)                 .FILL x000A
(3050) 000A  0000000000001010 (  60)                 .FILL x000A
(3051) 0000  0000000000000000 (  60)                 .FILL x0000
(3052) 000A  0000000000001010 (  61) newLine         .FILL x000A
(3053) 000A  0000000000001010 (  62) prompt          .FILL x000A
(3054) 0045  0000000001000101 (  62)                 .FILL x0045
(3055) 006E  0000000001101110 (  62)                 .FILL x006E
(3056) 0074  0000000001110100 (  62)                 .FILL x0074
(3057) 0065  0000000001100101 (  62)                 .FILL x0065
(3058) 0072  0000000001110010 (  62)                 .FILL x0072
(3059) 0020  0000000000100000 (  62)                 .FILL x0020
(305A) 0061  0000000001100001 (  62)                 .FILL x0061
(305B) 0020  0000000000100000 (  62)                 .FILL x0020
(305C) 006E  0000000001101110 (  62)                 .FILL x006E
(305D) 0075  0000000001110101 (  62)                 .FILL x0075
(305E) 006D  0000000001101101 (  62)                 .FILL x006D
(305F) 0062  0000000001100010 (  62)                 .FILL x0062
(3060) 0065  0000000001100101 (  62)                 .FILL x0065
(3061) 0072  0000000001110010 (  62)                 .FILL x0072
(3062) 0020  0000000000100000 (  62)                 .FILL x0020
(3063) 0030  0000000000110000 (  62)                 .FILL x0030
(3064) 002D  0000000000101101 (  62)                 .FILL x002D
(3065) 0039  0000000000111001 (  62)                 .FILL x0039
(3066) 000A  0000000000001010 (  62)                 .FILL x000A
(3067) 0000  0000000000000000 (  62)                 .FILL x0000
(3068) 000A  0000000000001010 (  63) incorrect       .FILL x000A
(3069) 0059  0000000001011001 (  63)                 .FILL x0059
(306A) 006F  0000000001101111 (  63)                 .FILL x006F
(306B) 0075  0000000001110101 (  63)                 .FILL x0075
(306C) 0020  0000000000100000 (  63)                 .FILL x0020
(306D) 0064  0000000001100100 (  63)                 .FILL x0064
(306E) 0069  0000000001101001 (  63)                 .FILL x0069
(306F) 0064  0000000001100100 (  63)                 .FILL x0064
(3070) 0020  0000000000100000 (  63)                 .FILL x0020
(3071) 006E  0000000001101110 (  63)                 .FILL x006E
(3072) 006F  0000000001101111 (  63)                 .FILL x006F
(3073) 0074  0000000001110100 (  63)                 .FILL x0074
(3074) 0020  0000000000100000 (  63)                 .FILL x0020
(3075) 0069  0000000001101001 (  63)                 .FILL x0069
(3076) 006E  0000000001101110 (  63)                 .FILL x006E
(3077) 0070  0000000001110000 (  63)                 .FILL x0070
(3078) 0075  0000000001110101 (  63)                 .FILL x0075
(3079) 0074  0000000001110100 (  63)                 .FILL x0074
(307A) 0020  0000000000100000 (  63)                 .FILL x0020
(307B) 0074  0000000001110100 (  63)                 .FILL x0074
(307C) 0068  0000000001101000 (  63)                 .FILL x0068
(307D) 0065  0000000001100101 (  63)                 .FILL x0065
(307E) 0020  0000000000100000 (  63)                 .FILL x0020
(307F) 0073  0000000001110011 (  63)                 .FILL x0073
(3080) 0065  0000000001100101 (  63)                 .FILL x0065
(3081) 0063  0000000001100011 (  63)                 .FILL x0063
(3082) 0072  0000000001110010 (  63)                 .FILL x0072
(3083) 0065  0000000001100101 (  63)                 .FILL x0065
(3084) 0074  0000000001110100 (  63)                 .FILL x0074
(3085) 0020  0000000000100000 (  63)                 .FILL x0020
(3086) 006E  0000000001101110 (  63)                 .FILL x006E
(3087) 0075  0000000001110101 (  63)                 .FILL x0075
(3088) 006D  0000000001101101 (  63)                 .FILL x006D
(3089) 0062  0000000001100010 (  63)                 .FILL x0062
(308A) 0065  0000000001100101 (  63)                 .FILL x0065
(308B) 0072  0000000001110010 (  63)                 .FILL x0072
(308C) 000A  0000000000001010 (  63)                 .FILL x000A
(308D) 0000  0000000000000000 (  63)                 .FILL x0000
(308E) 0035  0000000000110101 (  64) five            .FILL x0035
(308F) 000A  0000000000001010 (  65) termination     .FILL x000A
(3090) 0043  0000000001000011 (  65)                 .FILL x0043
(3091) 006F  0000000001101111 (  65)                 .FILL x006F
(3092) 0072  0000000001110010 (  65)                 .FILL x0072
(3093) 0072  0000000001110010 (  65)                 .FILL x0072
(3094) 0065  0000000001100101 (  65)                 .FILL x0065
(3095) 0063  0000000001100011 (  65)                 .FILL x0063
(3096) 0074  0000000001110100 (  65)                 .FILL x0074
(3097) 0021  0000000000100001 (  65)                 .FILL x0021
(3098) 0020  0000000000100000 (  65)                 .FILL x0020
(3099) 000A  0000000000001010 (  65)                 .FILL x000A
(309A) 0050  0000000001010000 (  65)                 .FILL x0050
(309B) 0072  0000000001110010 (  65)                 .FILL x0072
(309C) 006F  0000000001101111 (  65)                 .FILL x006F
(309D) 0067  0000000001100111 (  65)                 .FILL x0067
(309E) 0072  0000000001110010 (  65)                 .FILL x0072
(309F) 0061  0000000001100001 (  65)                 .FILL x0061
(30A0) 006D  0000000001101101 (  65)                 .FILL x006D
(30A1) 0020  0000000000100000 (  65)                 .FILL x0020
(30A2) 0065  0000000001100101 (  65)                 .FILL x0065
(30A3) 0078  0000000001111000 (  65)                 .FILL x0078
(30A4) 0065  0000000001100101 (  65)                 .FILL x0065
(30A5) 0063  0000000001100011 (  65)                 .FILL x0063
(30A6) 0075  0000000001110101 (  65)                 .FILL x0075
(30A7) 0074  0000000001110100 (  65)                 .FILL x0074
(30A8) 0069  0000000001101001 (  65)                 .FILL x0069
(30A9) 006F  0000000001101111 (  65)                 .FILL x006F
(30AA) 006E  0000000001101110 (  65)                 .FILL x006E
(30AB) 0020  0000000000100000 (  65)                 .FILL x0020
(30AC) 0074  0000000001110100 (  65)                 .FILL x0074
(30AD) 0065  0000000001100101 (  65)                 .FILL x0065
(30AE) 0072  0000000001110010 (  65)                 .FILL x0072
(30AF) 006D  0000000001101101 (  65)                 .FILL x006D
(30B0) 0069  0000000001101001 (  65)                 .FILL x0069
(30B1) 006E  0000000001101110 (  65)                 .FILL x006E
(30B2) 0061  0000000001100001 (  65)                 .FILL x0061
(30B3) 0074  0000000001110100 (  65)                 .FILL x0074
(30B4) 0065  0000000001100101 (  65)                 .FILL x0065
(30B5) 0064  0000000001100100 (  65)                 .FILL x0064
(30B6) 0021  0000000000100001 (  65)                 .FILL x0021
(30B7) 000A  0000000000001010 (  65)                 .FILL x000A
(30B8) 0000  0000000000000000 (  65)                 .FILL x0000
