(0000) 3000  0011000000000000 (  24)                 .ORIG x3000
(3000) E038  1110000000111000 (  26)                 LEA   R0 classHeader
(3001) F022  1111000000100010 (  27)                 TRAP  x22
(3002) 2060  0010000001100000 (  28)                 LD    R0 newLine
(3003) F021  1111000000100001 (  29)                 TRAP  x21
(3004) E05F  1110000001011111 (  35)                 LEA   R0 promptNum
(3005) F022  1111000000100010 (  36)                 TRAP  x22
(3006) F020  1111000000100000 (  37)                 TRAP  x20
(3007) F021  1111000000100001 (  38)                 TRAP  x21
(3008) 481C  0100100000011100 (  42)                 JSR   ASCIItoBinary
(3009) 5260  0101001001100000 (  43)                 AND   R1 R1 #0
(300A) 1201  0001001000000001 (  44)                 ADD   R1 R0 R1
(300B) E058  1110000001011000 (  47)                 LEA   R0 promptNum
(300C) F022  1111000000100010 (  48)                 TRAP  x22
(300D) F020  1111000000100000 (  49)                 TRAP  x20
(300E) F021  1111000000100001 (  50)                 TRAP  x21
(300F) 4815  0100100000010101 (  53)                 JSR   ASCIItoBinary
(3010) 54A0  0101010010100000 (  54)                 AND   R2 R2 #0
(3011) 1402  0001010000000010 (  55)                 ADD   R2 R0 R2
(3012) E066  1110000001100110 (  58)                 LEA   R0 promptOperator
(3013) F022  1111000000100010 (  59)                 TRAP  x22
(3014) F020  1111000000100000 (  60)                 TRAP  x20
(3015) F021  1111000000100001 (  61)                 TRAP  x21
(3016) 2883  0010100010000011 (  64)                 LD    R4 NegPlus
(3017) 1900  0001100100000000 (  65)                 ADD   R4 R4 R0
(3018) 0403  0000010000000011 (  66)                 BRZ   GoOpAdd
(3019) 2881  0010100010000001 (  68)                 LD    R4 NegMulti
(301A) 1900  0001100100000000 (  69)                 ADD   R4 R4 R0
(301B) 0403  0000010000000011 (  70)                 BRZ   GoOpMulti
(301C) 480C  0100100000001100 (  80) GoOpAdd         JSR   OpAdd
(301D) F021  1111000000100001 (  81)                 TRAP  x21
(301E) 0E02  0000111000000010 (  82)                 BRNZP Exit
(301F) 480E  0100100000001110 (  84) GoOpMulti       JSR   OpMulti
(3020) F021  1111000000100001 (  85)                 TRAP  x21
(3021) 5020  0101000000100000 (  87) Exit            AND   R0 R0 #0
(3022) E07B  1110000001111011 (  89)                 LEA   R0 termination
(3023) F022  1111000000100010 (  90)                 TRAP  x22
(3024) F025  1111000000100101 (  91)                 TRAP  x25
(3025) 5920  0101100100100000 (  96) ASCIItoBinary   AND   R4 R4 #0
(3026) 2871  0010100001110001 (  97)                 LD    R4 NegASCIIOffset
(3027) 1004  0001000000000100 (  98)                 ADD   R0 R0 R4
(3028) C1C0  1100000111000000 (  99)                 RET   
(3029) 56E0  0101011011100000 ( 101) OpAdd           AND   R3 R3 #0
(302A) 1642  0001011001000010 ( 102)                 ADD   R3 R1 R2
(302B) 286D  0010100001101101 ( 103)                 LD    R4 PosASCIIOffset
(302C) 10C4  0001000011000100 ( 104)                 ADD   R0 R3 R4
(302D) C1C0  1100000111000000 ( 105)                 RET   
(302E) 56E0  0101011011100000 ( 107) OpMulti         AND   R3 R3 #0
(302F) 5B60  0101101101100000 ( 108)                 AND   R5 R5 #0
(3030) 1A45  0001101001000101 ( 109)                 ADD   R5 R1 R5
(3031) 16C2  0001011011000010 ( 112) MultiLoop       ADD   R3 R3 R2
(3032) 1B7F  0001101101111111 ( 113)                 ADD   R5 R5 #-1
(3033) 03FD  0000001111111101 ( 114)                 BRP   MultiLoop
(3034) 2864  0010100001100100 ( 116)                 LD    R4 PosASCIIOffset
(3035) 5020  0101000000100000 ( 117)                 AND   R0 R0 #0
(3036) 1103  0001000100000011 ( 118)                 ADD   R0 R4 R3
(3037) C1C0  1100000111000000 ( 119)                 RET   
(3038) 0000  0000000000000000 ( 130) answer          .FILL x0000
(3039) 0043  0000000001000011 ( 130) classHeader     .FILL x0043
(303A) 0053  0000000001010011 ( 130)                 .FILL x0053
(303B) 0020  0000000000100000 ( 130)                 .FILL x0020
(303C) 0032  0000000000110010 ( 130)                 .FILL x0032
(303D) 0038  0000000000111000 ( 130)                 .FILL x0038
(303E) 0031  0000000000110001 ( 130)                 .FILL x0031
(303F) 0030  0000000000110000 ( 130)                 .FILL x0030
(3040) 002D  0000000000101101 ( 130)                 .FILL x002D
(3041) 0030  0000000000110000 ( 130)                 .FILL x0030
(3042) 0030  0000000000110000 ( 130)                 .FILL x0030
(3043) 0032  0000000000110010 ( 130)                 .FILL x0032
(3044) 000A  0000000000001010 ( 130)                 .FILL x000A
(3045) 0052  0000000001010010 ( 130)                 .FILL x0052
(3046) 0075  0000000001110101 ( 130)                 .FILL x0075
(3047) 0073  0000000001110011 ( 130)                 .FILL x0073
(3048) 0073  0000000001110011 ( 130)                 .FILL x0073
(3049) 0065  0000000001100101 ( 130)                 .FILL x0065
(304A) 006C  0000000001101100 ( 130)                 .FILL x006C
(304B) 006C  0000000001101100 ( 130)                 .FILL x006C
(304C) 0020  0000000000100000 ( 130)                 .FILL x0020
(304D) 0041  0000000001000001 ( 130)                 .FILL x0041
(304E) 006E  0000000001101110 ( 130)                 .FILL x006E
(304F) 0064  0000000001100100 ( 130)                 .FILL x0064
(3050) 006C  0000000001101100 ( 130)                 .FILL x006C
(3051) 0061  0000000001100001 ( 130)                 .FILL x0061
(3052) 0075  0000000001110101 ( 130)                 .FILL x0075
(3053) 0065  0000000001100101 ( 130)                 .FILL x0065
(3054) 0072  0000000001110010 ( 130)                 .FILL x0072
(3055) 000A  0000000000001010 ( 130)                 .FILL x000A
(3056) 0050  0000000001010000 ( 130)                 .FILL x0050
(3057) 0072  0000000001110010 ( 130)                 .FILL x0072
(3058) 006F  0000000001101111 ( 130)                 .FILL x006F
(3059) 006A  0000000001101010 ( 130)                 .FILL x006A
(305A) 0065  0000000001100101 ( 130)                 .FILL x0065
(305B) 0063  0000000001100011 ( 130)                 .FILL x0063
(305C) 0074  0000000001110100 ( 130)                 .FILL x0074
(305D) 0020  0000000000100000 ( 130)                 .FILL x0020
(305E) 0023  0000000000100011 ( 130)                 .FILL x0023
(305F) 0034  0000000000110100 ( 130)                 .FILL x0034
(3060) 000A  0000000000001010 ( 130)                 .FILL x000A
(3061) 000A  0000000000001010 ( 130)                 .FILL x000A
(3062) 0000  0000000000000000 ( 130)                 .FILL x0000
(3063) 000A  0000000000001010 ( 131) newLine         .FILL x000A
(3064) 000A  0000000000001010 ( 132) promptNum       .FILL x000A
(3065) 0045  0000000001000101 ( 132)                 .FILL x0045
(3066) 006E  0000000001101110 ( 132)                 .FILL x006E
(3067) 0074  0000000001110100 ( 132)                 .FILL x0074
(3068) 0065  0000000001100101 ( 132)                 .FILL x0065
(3069) 0072  0000000001110010 ( 132)                 .FILL x0072
(306A) 0020  0000000000100000 ( 132)                 .FILL x0020
(306B) 0061  0000000001100001 ( 132)                 .FILL x0061
(306C) 0020  0000000000100000 ( 132)                 .FILL x0020
(306D) 006E  0000000001101110 ( 132)                 .FILL x006E
(306E) 0075  0000000001110101 ( 132)                 .FILL x0075
(306F) 006D  0000000001101101 ( 132)                 .FILL x006D
(3070) 0062  0000000001100010 ( 132)                 .FILL x0062
(3071) 0065  0000000001100101 ( 132)                 .FILL x0065
(3072) 0072  0000000001110010 ( 132)                 .FILL x0072
(3073) 0020  0000000000100000 ( 132)                 .FILL x0020
(3074) 0030  0000000000110000 ( 132)                 .FILL x0030
(3075) 002D  0000000000101101 ( 132)                 .FILL x002D
(3076) 0039  0000000000111001 ( 132)                 .FILL x0039
(3077) 000A  0000000000001010 ( 132)                 .FILL x000A
(3078) 0000  0000000000000000 ( 132)                 .FILL x0000
(3079) 000A  0000000000001010 ( 133) promptOperator  .FILL x000A
(307A) 0043  0000000001000011 ( 133)                 .FILL x0043
(307B) 0068  0000000001101000 ( 133)                 .FILL x0068
(307C) 006F  0000000001101111 ( 133)                 .FILL x006F
(307D) 006F  0000000001101111 ( 133)                 .FILL x006F
(307E) 0073  0000000001110011 ( 133)                 .FILL x0073
(307F) 0065  0000000001100101 ( 133)                 .FILL x0065
(3080) 0020  0000000000100000 ( 133)                 .FILL x0020
(3081) 006F  0000000001101111 ( 133)                 .FILL x006F
(3082) 0070  0000000001110000 ( 133)                 .FILL x0070
(3083) 0065  0000000001100101 ( 133)                 .FILL x0065
(3084) 0072  0000000001110010 ( 133)                 .FILL x0072
(3085) 0061  0000000001100001 ( 133)                 .FILL x0061
(3086) 0074  0000000001110100 ( 133)                 .FILL x0074
(3087) 0069  0000000001101001 ( 133)                 .FILL x0069
(3088) 006F  0000000001101111 ( 133)                 .FILL x006F
(3089) 006E  0000000001101110 ( 133)                 .FILL x006E
(308A) 003A  0000000000111010 ( 133)                 .FILL x003A
(308B) 0020  0000000000100000 ( 133)                 .FILL x0020
(308C) 002B  0000000000101011 ( 133)                 .FILL x002B
(308D) 002C  0000000000101100 ( 133)                 .FILL x002C
(308E) 002A  0000000000101010 ( 133)                 .FILL x002A
(308F) 002C  0000000000101100 ( 133)                 .FILL x002C
(3090) 006E  0000000001101110 ( 133)                 .FILL x006E
(3091) 002C  0000000000101100 ( 133)                 .FILL x002C
(3092) 0020  0000000000100000 ( 133)                 .FILL x0020
(3093) 006F  0000000001101111 ( 133)                 .FILL x006F
(3094) 0072  0000000001110010 ( 133)                 .FILL x0072
(3095) 0020  0000000000100000 ( 133)                 .FILL x0020
(3096) 0063  0000000001100011 ( 133)                 .FILL x0063
(3097) 0000  0000000000000000 ( 133)                 .FILL x0000
(3098) FFD0  1111111111010000 ( 134) NegASCIIOffset  .FILL xFFD0
(3099) 0030  0000000000110000 ( 135) PosASCIIOffset  .FILL x0030
(309A) FFD5  1111111111010101 ( 136) NegPlus         .FILL xFFD5
(309B) FFD6  1111111111010110 ( 137) NegMulti        .FILL xFFD6
(309C) FF92  1111111110010010 ( 138) NegN            .FILL xFF92
(309D) FF9D  1111111110011101 ( 139) NegC            .FILL xFF9D
(309E) 000A  0000000000001010 ( 140) termination     .FILL x000A
(309F) 0050  0000000001010000 ( 140)                 .FILL x0050
(30A0) 0072  0000000001110010 ( 140)                 .FILL x0072
(30A1) 006F  0000000001101111 ( 140)                 .FILL x006F
(30A2) 0067  0000000001100111 ( 140)                 .FILL x0067
(30A3) 0072  0000000001110010 ( 140)                 .FILL x0072
(30A4) 0061  0000000001100001 ( 140)                 .FILL x0061
(30A5) 006D  0000000001101101 ( 140)                 .FILL x006D
(30A6) 0020  0000000000100000 ( 140)                 .FILL x0020
(30A7) 0065  0000000001100101 ( 140)                 .FILL x0065
(30A8) 0078  0000000001111000 ( 140)                 .FILL x0078
(30A9) 0065  0000000001100101 ( 140)                 .FILL x0065
(30AA) 0063  0000000001100011 ( 140)                 .FILL x0063
(30AB) 0075  0000000001110101 ( 140)                 .FILL x0075
(30AC) 0074  0000000001110100 ( 140)                 .FILL x0074
(30AD) 0069  0000000001101001 ( 140)                 .FILL x0069
(30AE) 006F  0000000001101111 ( 140)                 .FILL x006F
(30AF) 006E  0000000001101110 ( 140)                 .FILL x006E
(30B0) 0020  0000000000100000 ( 140)                 .FILL x0020
(30B1) 0074  0000000001110100 ( 140)                 .FILL x0074
(30B2) 0065  0000000001100101 ( 140)                 .FILL x0065
(30B3) 0072  0000000001110010 ( 140)                 .FILL x0072
(30B4) 006D  0000000001101101 ( 140)                 .FILL x006D
(30B5) 0069  0000000001101001 ( 140)                 .FILL x0069
(30B6) 006E  0000000001101110 ( 140)                 .FILL x006E
(30B7) 0061  0000000001100001 ( 140)                 .FILL x0061
(30B8) 0074  0000000001110100 ( 140)                 .FILL x0074
(30B9) 0065  0000000001100101 ( 140)                 .FILL x0065
(30BA) 0064  0000000001100100 ( 140)                 .FILL x0064
(30BB) 0021  0000000000100001 ( 140)                 .FILL x0021
(30BC) 000A  0000000000001010 ( 140)                 .FILL x000A
(30BD) 0000  0000000000000000 ( 140)                 .FILL x0000
