C:\USERS\RUSSELL\DOCUMENTS\VISUAL STUDIO 2012\PROJECTS\LAB_1_PROGRAM_1\LAB_1_PROGRAM_1\DEBUG\VC110.PDB
C:\USERS\RUSSELL\DOCUMENTS\VISUAL STUDIO 2012\PROJECTS\LAB_1_PROGRAM_1\LAB_1_PROGRAM_1\DEBUG\LAB_1_PROGRAM_1.OBJ
C:\USERS\RUSSELL\DOCUMENTS\VISUAL STUDIO 2012\PROJECTS\LAB_1_PROGRAM_1\DEBUG\LAB_1_PROGRAM_1.ILK
C:\USERS\RUSSELL\DOCUMENTS\VISUAL STUDIO 2012\PROJECTS\LAB_1_PROGRAM_1\DEBUG\LAB_1_PROGRAM_1.EXE
C:\USERS\RUSSELL\DOCUMENTS\VISUAL STUDIO 2012\PROJECTS\LAB_1_PROGRAM_1\DEBUG\LAB_1_PROGRAM_1.PDB
c:\Users\Russell\documents\visual studio 2012\Projects\Lab_1_Program_1\Lab_1_Program_1\Debug\Lab_1_Program_1.obj
c:\Users\Russell\documents\visual studio 2012\Projects\Lab_1_Program_1\Lab_1_Program_1\Debug\cl.command.1.tlog
c:\Users\Russell\documents\visual studio 2012\Projects\Lab_1_Program_1\Lab_1_Program_1\Debug\CL.read.1.tlog
c:\Users\Russell\documents\visual studio 2012\Projects\Lab_1_Program_1\Lab_1_Program_1\Debug\CL.write.1.tlog
c:\Users\Russell\documents\visual studio 2012\Projects\Lab_1_Program_1\Lab_1_Program_1\Debug\link-cvtres.read.1.tlog
c:\Users\Russell\documents\visual studio 2012\Projects\Lab_1_Program_1\Lab_1_Program_1\Debug\link-cvtres.write.1.tlog
c:\Users\Russell\documents\visual studio 2012\Projects\Lab_1_Program_1\Lab_1_Program_1\Debug\link-rc.read.1.tlog
c:\Users\Russell\documents\visual studio 2012\Projects\Lab_1_Program_1\Lab_1_Program_1\Debug\link-rc.write.1.tlog
c:\Users\Russell\documents\visual studio 2012\Projects\Lab_1_Program_1\Lab_1_Program_1\Debug\link.command.1.tlog
c:\Users\Russell\documents\visual studio 2012\Projects\Lab_1_Program_1\Lab_1_Program_1\Debug\link.read.1.tlog
c:\Users\Russell\documents\visual studio 2012\Projects\Lab_1_Program_1\Lab_1_Program_1\Debug\link.write.1.tlog
c:\Users\Russell\documents\visual studio 2012\Projects\Lab_1_Program_1\Lab_1_Program_1\Debug\vc110.idb
c:\Users\Russell\documents\visual studio 2012\Projects\Lab_1_Program_1\Lab_1_Program_1\Debug\vc110.pdb
c:\users\russell\documents\visual studio 2012\Projects\Lab_1_Program_1\Debug\Lab_1_Program_1.pdb
c:\users\russell\documents\visual studio 2012\Projects\Lab_1_Program_1\Debug\Lab_1_Program_1.exe
c:\users\russell\documents\visual studio 2012\Projects\Lab_1_Program_1\Debug\Lab_1_Program_1.ilk
