(0000) 3000  0011000000000000 (  24)                 .ORIG x3000
(3000) E063  1110000001100011 (  26)                 LEA   R0 classHeader
(3001) F022  1111000000100010 (  27)                 TRAP  x22
(3002) 207F  0010000001111111 (  28)                 LD    R0 newLine
(3003) F021  1111000000100001 (  29)                 TRAP  x21
(3004) E07E  1110000001111110 (  35)                 LEA   R0 promptNum
(3005) F022  1111000000100010 (  36)                 TRAP  x22
(3006) F020  1111000000100000 (  37)                 TRAP  x20
(3007) F021  1111000000100001 (  38)                 TRAP  x21
(3008) 4835  0100100000110101 (  42)                 JSR   ASCIItoBinary
(3009) 5260  0101001001100000 (  43)                 AND   R1 R1 #0
(300A) 1201  0001001000000001 (  44)                 ADD   R1 R0 R1
(300B) E077  1110000001110111 (  47)                 LEA   R0 promptNum
(300C) F022  1111000000100010 (  48)                 TRAP  x22
(300D) F020  1111000000100000 (  49)                 TRAP  x20
(300E) F021  1111000000100001 (  50)                 TRAP  x21
(300F) 482E  0100100000101110 (  53)                 JSR   ASCIItoBinary
(3010) 54A0  0101010010100000 (  54)                 AND   R2 R2 #0
(3011) 1402  0001010000000010 (  55)                 ADD   R2 R0 R2
(3012) E085  1110000010000101 (  59)                 LEA   R0 promptOperator
(3013) F022  1111000000100010 (  60)                 TRAP  x22
(3014) E0A4  1110000010100100 (  61)                 LEA   R0 opKey
(3015) F022  1111000000100010 (  62)                 TRAP  x22
(3016) E0D1  1110000011010001 (  63)                 LEA   R0 promptExit
(3017) F022  1111000000100010 (  64)                 TRAP  x22
(3018) F020  1111000000100000 (  65)                 TRAP  x20
(3019) F021  1111000000100001 (  66)                 TRAP  x21
(301A) 28EE  0010100011101110 (  69)                 LD    R4 NegPlus
(301B) 1900  0001100100000000 (  70)                 ADD   R4 R4 R0
(301C) 040A  0000010000001010 (  71)                 BRZ   GoOpAdd
(301D) 28EC  0010100011101100 (  73)                 LD    R4 NegMulti
(301E) 1900  0001100100000000 (  74)                 ADD   R4 R4 R0
(301F) 040A  0000010000001010 (  75)                 BRZ   GoOpMulti
(3020) 28EA  0010100011101010 (  77)                 LD    R4 NegN
(3021) 1900  0001100100000000 (  78)                 ADD   R4 R4 R0
(3022) 040A  0000010000001010 (  79)                 BRZ   GoOpNegate
(3023) 28E8  0010100011101000 (  81)                 LD    R4 NegC
(3024) 1900  0001100100000000 (  82)                 ADD   R4 R4 R0
(3025) 0412  0000010000010010 (  83)                 BRZ   GoOpClear
(3026) 0A13  0000101000010011 (  85)                 BRNP  Exit
(3027) 481A  0100100000011010 (  87) GoOpAdd         JSR   OpAdd
(3028) F021  1111000000100001 (  88)                 TRAP  x21
(3029) 0E10  0000111000010000 (  89)                 BRNZP Exit
(302A) 481C  0100100000011100 (  91) GoOpMulti       JSR   OpMulti
(302B) F021  1111000000100001 (  92)                 TRAP  x21
(302C) 0E0D  0000111000001101 (  93)                 BRNZP Exit
(302D) 4823  0100100000100011 (  95) GoOpNegate      JSR   OpNegate
(302E) 28D9  0010100011011001 (  96)                 LD    R4 ASCIINegSign
(302F) 5B60  0101101101100000 (  97)                 AND   R5 R5 #0
(3030) 1B40  0001101101000000 (  98)                 ADD   R5 R5 R0
(3031) 5020  0101000000100000 (  99)                 AND   R0 R0 #0
(3032) 1004  0001000000000100 ( 100)                 ADD   R0 R0 R4
(3033) F021  1111000000100001 ( 101)                 TRAP  x21
(3034) 5020  0101000000100000 ( 102)                 AND   R0 R0 #0
(3035) 1140  0001000101000000 ( 103)                 ADD   R0 R5 R0
(3036) F021  1111000000100001 ( 104)                 TRAP  x21
(3037) 0E02  0000111000000010 ( 105)                 BRNZP Exit
(3038) 4822  0100100000100010 ( 107) GoOpClear       JSR   OpClear
(3039) 0E00  0000111000000000 ( 108)                 BRNZP Exit
(303A) 5020  0101000000100000 ( 110) Exit            AND   R0 R0 #0
(303B) E0D1  1110000011010001 ( 112)                 LEA   R0 termination
(303C) F022  1111000000100010 ( 113)                 TRAP  x22
(303D) F025  1111000000100101 ( 114)                 TRAP  x25
(303E) 5920  0101100100100000 ( 119) ASCIItoBinary   AND   R4 R4 #0
(303F) 28C6  0010100011000110 ( 120)                 LD    R4 NegASCIIOffset
(3040) 1004  0001000000000100 ( 121)                 ADD   R0 R0 R4
(3041) C1C0  1100000111000000 ( 122)                 RET   
(3042) 56E0  0101011011100000 ( 124) OpAdd           AND   R3 R3 #0
(3043) 1642  0001011001000010 ( 125)                 ADD   R3 R1 R2
(3044) 28C2  0010100011000010 ( 126)                 LD    R4 PosASCIIOffset
(3045) 10C4  0001000011000100 ( 127)                 ADD   R0 R3 R4
(3046) C1C0  1100000111000000 ( 128)                 RET   
(3047) 56E0  0101011011100000 ( 130) OpMulti         AND   R3 R3 #0
(3048) 5B60  0101101101100000 ( 131)                 AND   R5 R5 #0
(3049) 1A45  0001101001000101 ( 132)                 ADD   R5 R1 R5
(304A) 16C2  0001011011000010 ( 135) MultiLoop       ADD   R3 R3 R2
(304B) 1B7F  0001101101111111 ( 136)                 ADD   R5 R5 #-1
(304C) 03FD  0000001111111101 ( 137)                 BRP   MultiLoop
(304D) 28B9  0010100010111001 ( 139)                 LD    R4 PosASCIIOffset
(304E) 5020  0101000000100000 ( 140)                 AND   R0 R0 #0
(304F) 1103  0001000100000011 ( 141)                 ADD   R0 R4 R3
(3050) C1C0  1100000111000000 ( 142)                 RET   
(3051) 56E0  0101011011100000 ( 144) OpNegate        AND   R3 R3 #0
(3052) 1683  0001011010000011 ( 145)                 ADD   R3 R2 R3
(3053) 1A82  0001101010000010 ( 146)                 ADD   R5 R2 R2
(3054) 96FF  1001011011111111 ( 147)                 NOT   R3 R3
(3055) 16E1  0001011011100001 ( 148)                 ADD   R3 R3 #1
(3056) 28B0  0010100010110000 ( 149)                 LD    R4 PosASCIIOffset
(3057) 5020  0101000000100000 ( 150)                 AND   R0 R0 #0
(3058) 10C4  0001000011000100 ( 151)                 ADD   R0 R3 R4
(3059) 1005  0001000000000101 ( 152)                 ADD   R0 R0 R5
(305A) C1C0  1100000111000000 ( 153)                 RET   
(305B) 5020  0101000000100000 ( 155) OpClear         AND   R0 R0 #0
(305C) 5260  0101001001100000 ( 156)                 AND   R1 R1 #0
(305D) 54A0  0101010010100000 ( 157)                 AND   R2 R2 #0
(305E) 56E0  0101011011100000 ( 158)                 AND   R3 R3 #0
(305F) 5920  0101100100100000 ( 159)                 AND   R4 R4 #0
(3060) 5B60  0101101101100000 ( 160)                 AND   R5 R5 #0
(3061) 5DE0  0101110111100000 ( 161)                 AND   R6 R7 #0
(3062) C1C0  1100000111000000 ( 162)                 RET   
(3063) 0000  0000000000000000 ( 172) answer          .FILL x0000
(3064) 0043  0000000001000011 ( 172) classHeader     .FILL x0043
(3065) 0053  0000000001010011 ( 172)                 .FILL x0053
(3066) 0020  0000000000100000 ( 172)                 .FILL x0020
(3067) 0032  0000000000110010 ( 172)                 .FILL x0032
(3068) 0038  0000000000111000 ( 172)                 .FILL x0038
(3069) 0031  0000000000110001 ( 172)                 .FILL x0031
(306A) 0030  0000000000110000 ( 172)                 .FILL x0030
(306B) 002D  0000000000101101 ( 172)                 .FILL x002D
(306C) 0030  0000000000110000 ( 172)                 .FILL x0030
(306D) 0030  0000000000110000 ( 172)                 .FILL x0030
(306E) 0032  0000000000110010 ( 172)                 .FILL x0032
(306F) 000A  0000000000001010 ( 172)                 .FILL x000A
(3070) 006E  0000000001101110 ( 172)                 .FILL x006E
(3071) 0061  0000000001100001 ( 172)                 .FILL x0061
(3072) 006D  0000000001101101 ( 172)                 .FILL x006D
(3073) 0065  0000000001100101 ( 172)                 .FILL x0065
(3074) 000A  0000000000001010 ( 172)                 .FILL x000A
(3075) 0050  0000000001010000 ( 172)                 .FILL x0050
(3076) 0072  0000000001110010 ( 172)                 .FILL x0072
(3077) 006F  0000000001101111 ( 172)                 .FILL x006F
(3078) 006A  0000000001101010 ( 172)                 .FILL x006A
(3079) 0065  0000000001100101 ( 172)                 .FILL x0065
(307A) 0063  0000000001100011 ( 172)                 .FILL x0063
(307B) 0074  0000000001110100 ( 172)                 .FILL x0074
(307C) 0020  0000000000100000 ( 172)                 .FILL x0020
(307D) 0023  0000000000100011 ( 172)                 .FILL x0023
(307E) 0034  0000000000110100 ( 172)                 .FILL x0034
(307F) 000A  0000000000001010 ( 172)                 .FILL x000A
(3080) 000A  0000000000001010 ( 172)                 .FILL x000A
(3081) 0000  0000000000000000 ( 172)                 .FILL x0000
(3082) 000A  0000000000001010 ( 173) newLine         .FILL x000A
(3083) 000A  0000000000001010 ( 174) promptNum       .FILL x000A
(3084) 0045  0000000001000101 ( 174)                 .FILL x0045
(3085) 006E  0000000001101110 ( 174)                 .FILL x006E
(3086) 0074  0000000001110100 ( 174)                 .FILL x0074
(3087) 0065  0000000001100101 ( 174)                 .FILL x0065
(3088) 0072  0000000001110010 ( 174)                 .FILL x0072
(3089) 0020  0000000000100000 ( 174)                 .FILL x0020
(308A) 0061  0000000001100001 ( 174)                 .FILL x0061
(308B) 0020  0000000000100000 ( 174)                 .FILL x0020
(308C) 006E  0000000001101110 ( 174)                 .FILL x006E
(308D) 0075  0000000001110101 ( 174)                 .FILL x0075
(308E) 006D  0000000001101101 ( 174)                 .FILL x006D
(308F) 0062  0000000001100010 ( 174)                 .FILL x0062
(3090) 0065  0000000001100101 ( 174)                 .FILL x0065
(3091) 0072  0000000001110010 ( 174)                 .FILL x0072
(3092) 0020  0000000000100000 ( 174)                 .FILL x0020
(3093) 0030  0000000000110000 ( 174)                 .FILL x0030
(3094) 002D  0000000000101101 ( 174)                 .FILL x002D
(3095) 0039  0000000000111001 ( 174)                 .FILL x0039
(3096) 000A  0000000000001010 ( 174)                 .FILL x000A
(3097) 0000  0000000000000000 ( 174)                 .FILL x0000
(3098) 000A  0000000000001010 ( 175) promptOperator  .FILL x000A
(3099) 000A  0000000000001010 ( 175)                 .FILL x000A
(309A) 0043  0000000001000011 ( 175)                 .FILL x0043
(309B) 0068  0000000001101000 ( 175)                 .FILL x0068
(309C) 006F  0000000001101111 ( 175)                 .FILL x006F
(309D) 006F  0000000001101111 ( 175)                 .FILL x006F
(309E) 0073  0000000001110011 ( 175)                 .FILL x0073
(309F) 0065  0000000001100101 ( 175)                 .FILL x0065
(30A0) 0020  0000000000100000 ( 175)                 .FILL x0020
(30A1) 006F  0000000001101111 ( 175)                 .FILL x006F
(30A2) 0070  0000000001110000 ( 175)                 .FILL x0070
(30A3) 0065  0000000001100101 ( 175)                 .FILL x0065
(30A4) 0072  0000000001110010 ( 175)                 .FILL x0072
(30A5) 0061  0000000001100001 ( 175)                 .FILL x0061
(30A6) 0074  0000000001110100 ( 175)                 .FILL x0074
(30A7) 0069  0000000001101001 ( 175)                 .FILL x0069
(30A8) 006F  0000000001101111 ( 175)                 .FILL x006F
(30A9) 006E  0000000001101110 ( 175)                 .FILL x006E
(30AA) 003A  0000000000111010 ( 175)                 .FILL x003A
(30AB) 0020  0000000000100000 ( 175)                 .FILL x0020
(30AC) 002B  0000000000101011 ( 175)                 .FILL x002B
(30AD) 002C  0000000000101100 ( 175)                 .FILL x002C
(30AE) 002A  0000000000101010 ( 175)                 .FILL x002A
(30AF) 002C  0000000000101100 ( 175)                 .FILL x002C
(30B0) 006E  0000000001101110 ( 175)                 .FILL x006E
(30B1) 002C  0000000000101100 ( 175)                 .FILL x002C
(30B2) 0020  0000000000100000 ( 175)                 .FILL x0020
(30B3) 006F  0000000001101111 ( 175)                 .FILL x006F
(30B4) 0072  0000000001110010 ( 175)                 .FILL x0072
(30B5) 0020  0000000000100000 ( 175)                 .FILL x0020
(30B6) 0063  0000000001100011 ( 175)                 .FILL x0063
(30B7) 000A  0000000000001010 ( 175)                 .FILL x000A
(30B8) 0000  0000000000000000 ( 175)                 .FILL x0000
(30B9) 000A  0000000000001010 ( 176) opKey           .FILL x000A
(30BA) 002B  0000000000101011 ( 176)                 .FILL x002B
(30BB) 0020  0000000000100000 ( 176)                 .FILL x0020
(30BC) 003D  0000000000111101 ( 176)                 .FILL x003D
(30BD) 0020  0000000000100000 ( 176)                 .FILL x0020
(30BE) 0061  0000000001100001 ( 176)                 .FILL x0061
(30BF) 0064  0000000001100100 ( 176)                 .FILL x0064
(30C0) 0064  0000000001100100 ( 176)                 .FILL x0064
(30C1) 002C  0000000000101100 ( 176)                 .FILL x002C
(30C2) 0020  0000000000100000 ( 176)                 .FILL x0020
(30C3) 002A  0000000000101010 ( 176)                 .FILL x002A
(30C4) 0020  0000000000100000 ( 176)                 .FILL x0020
(30C5) 003D  0000000000111101 ( 176)                 .FILL x003D
(30C6) 0020  0000000000100000 ( 176)                 .FILL x0020
(30C7) 006D  0000000001101101 ( 176)                 .FILL x006D
(30C8) 0075  0000000001110101 ( 176)                 .FILL x0075
(30C9) 006C  0000000001101100 ( 176)                 .FILL x006C
(30CA) 0074  0000000001110100 ( 176)                 .FILL x0074
(30CB) 0069  0000000001101001 ( 176)                 .FILL x0069
(30CC) 0070  0000000001110000 ( 176)                 .FILL x0070
(30CD) 006C  0000000001101100 ( 176)                 .FILL x006C
(30CE) 0079  0000000001111001 ( 176)                 .FILL x0079
(30CF) 002C  0000000000101100 ( 176)                 .FILL x002C
(30D0) 0020  0000000000100000 ( 176)                 .FILL x0020
(30D1) 006E  0000000001101110 ( 176)                 .FILL x006E
(30D2) 0020  0000000000100000 ( 176)                 .FILL x0020
(30D3) 003D  0000000000111101 ( 176)                 .FILL x003D
(30D4) 0020  0000000000100000 ( 176)                 .FILL x0020
(30D5) 006E  0000000001101110 ( 176)                 .FILL x006E
(30D6) 0065  0000000001100101 ( 176)                 .FILL x0065
(30D7) 0067  0000000001100111 ( 176)                 .FILL x0067
(30D8) 0061  0000000001100001 ( 176)                 .FILL x0061
(30D9) 0074  0000000001110100 ( 176)                 .FILL x0074
(30DA) 0065  0000000001100101 ( 176)                 .FILL x0065
(30DB) 002C  0000000000101100 ( 176)                 .FILL x002C
(30DC) 0020  0000000000100000 ( 176)                 .FILL x0020
(30DD) 0063  0000000001100011 ( 176)                 .FILL x0063
(30DE) 0020  0000000000100000 ( 176)                 .FILL x0020
(30DF) 003D  0000000000111101 ( 176)                 .FILL x003D
(30E0) 0020  0000000000100000 ( 176)                 .FILL x0020
(30E1) 0063  0000000001100011 ( 176)                 .FILL x0063
(30E2) 006C  0000000001101100 ( 176)                 .FILL x006C
(30E3) 0065  0000000001100101 ( 176)                 .FILL x0065
(30E4) 0061  0000000001100001 ( 176)                 .FILL x0061
(30E5) 0072  0000000001110010 ( 176)                 .FILL x0072
(30E6) 000A  0000000000001010 ( 176)                 .FILL x000A
(30E7) 0000  0000000000000000 ( 176)                 .FILL x0000
(30E8) 000A  0000000000001010 ( 177) promptExit      .FILL x000A
(30E9) 0045  0000000001000101 ( 177)                 .FILL x0045
(30EA) 006E  0000000001101110 ( 177)                 .FILL x006E
(30EB) 0074  0000000001110100 ( 177)                 .FILL x0074
(30EC) 0065  0000000001100101 ( 177)                 .FILL x0065
(30ED) 0072  0000000001110010 ( 177)                 .FILL x0072
(30EE) 0020  0000000000100000 ( 177)                 .FILL x0020
(30EF) 0061  0000000001100001 ( 177)                 .FILL x0061
(30F0) 006E  0000000001101110 ( 177)                 .FILL x006E
(30F1) 0079  0000000001111001 ( 177)                 .FILL x0079
(30F2) 0020  0000000000100000 ( 177)                 .FILL x0020
(30F3) 006F  0000000001101111 ( 177)                 .FILL x006F
(30F4) 0074  0000000001110100 ( 177)                 .FILL x0074
(30F5) 0068  0000000001101000 ( 177)                 .FILL x0068
(30F6) 0065  0000000001100101 ( 177)                 .FILL x0065
(30F7) 0072  0000000001110010 ( 177)                 .FILL x0072
(30F8) 0020  0000000000100000 ( 177)                 .FILL x0020
(30F9) 006B  0000000001101011 ( 177)                 .FILL x006B
(30FA) 0065  0000000001100101 ( 177)                 .FILL x0065
(30FB) 0079  0000000001111001 ( 177)                 .FILL x0079
(30FC) 0020  0000000000100000 ( 177)                 .FILL x0020
(30FD) 0074  0000000001110100 ( 177)                 .FILL x0074
(30FE) 006F  0000000001101111 ( 177)                 .FILL x006F
(30FF) 0020  0000000000100000 ( 177)                 .FILL x0020
(3100) 0045  0000000001000101 ( 177)                 .FILL x0045
(3101) 0078  0000000001111000 ( 177)                 .FILL x0078
(3102) 0069  0000000001101001 ( 177)                 .FILL x0069
(3103) 0074  0000000001110100 ( 177)                 .FILL x0074
(3104) 000A  0000000000001010 ( 177)                 .FILL x000A
(3105) 0000  0000000000000000 ( 177)                 .FILL x0000
(3106) FFD0  1111111111010000 ( 178) NegASCIIOffset  .FILL xFFD0
(3107) 0030  0000000000110000 ( 179) PosASCIIOffset  .FILL x0030
(3108) 002D  0000000000101101 ( 180) ASCIINegSign    .FILL x002D
(3109) FFD5  1111111111010101 ( 181) NegPlus         .FILL xFFD5
(310A) FFD6  1111111111010110 ( 182) NegMulti        .FILL xFFD6
(310B) FF92  1111111110010010 ( 183) NegN            .FILL xFF92
(310C) FF9D  1111111110011101 ( 184) NegC            .FILL xFF9D
(310D) 000A  0000000000001010 ( 185) termination     .FILL x000A
(310E) 0050  0000000001010000 ( 185)                 .FILL x0050
(310F) 0072  0000000001110010 ( 185)                 .FILL x0072
(3110) 006F  0000000001101111 ( 185)                 .FILL x006F
(3111) 0067  0000000001100111 ( 185)                 .FILL x0067
(3112) 0072  0000000001110010 ( 185)                 .FILL x0072
(3113) 0061  0000000001100001 ( 185)                 .FILL x0061
(3114) 006D  0000000001101101 ( 185)                 .FILL x006D
(3115) 0020  0000000000100000 ( 185)                 .FILL x0020
(3116) 0065  0000000001100101 ( 185)                 .FILL x0065
(3117) 0078  0000000001111000 ( 185)                 .FILL x0078
(3118) 0065  0000000001100101 ( 185)                 .FILL x0065
(3119) 0063  0000000001100011 ( 185)                 .FILL x0063
(311A) 0075  0000000001110101 ( 185)                 .FILL x0075
(311B) 0074  0000000001110100 ( 185)                 .FILL x0074
(311C) 0069  0000000001101001 ( 185)                 .FILL x0069
(311D) 006F  0000000001101111 ( 185)                 .FILL x006F
(311E) 006E  0000000001101110 ( 185)                 .FILL x006E
(311F) 0020  0000000000100000 ( 185)                 .FILL x0020
(3120) 0074  0000000001110100 ( 185)                 .FILL x0074
(3121) 0065  0000000001100101 ( 185)                 .FILL x0065
(3122) 0072  0000000001110010 ( 185)                 .FILL x0072
(3123) 006D  0000000001101101 ( 185)                 .FILL x006D
(3124) 0069  0000000001101001 ( 185)                 .FILL x0069
(3125) 006E  0000000001101110 ( 185)                 .FILL x006E
(3126) 0061  0000000001100001 ( 185)                 .FILL x0061
(3127) 0074  0000000001110100 ( 185)                 .FILL x0074
(3128) 0065  0000000001100101 ( 185)                 .FILL x0065
(3129) 0064  0000000001100100 ( 185)                 .FILL x0064
(312A) 0021  0000000000100001 ( 185)                 .FILL x0021
(312B) 000A  0000000000001010 ( 185)                 .FILL x000A
(312C) 0000  0000000000000000 ( 185)                 .FILL x0000
