(0000) 3000  0011000000000000 (  24)                 .ORIG x3000
(3000) E072  1110000001110010 (  26)                 LEA   R0 classHeader
(3001) F022  1111000000100010 (  27)                 TRAP  x22
(3002) 208D  0010000010001101 (  28)                 LD    R0 newLine
(3003) F021  1111000000100001 (  29)                 TRAP  x21
(3004) E08C  1110000010001100 (  35)                 LEA   R0 promptNum
(3005) F022  1111000000100010 (  36)                 TRAP  x22
(3006) F020  1111000000100000 (  37)                 TRAP  x20
(3007) F021  1111000000100001 (  38)                 TRAP  x21
(3008) 483D  0100100000111101 (  42)                 JSR   ASCIItoBinary
(3009) 5260  0101001001100000 (  43)                 AND   R1 R1 #0
(300A) 1201  0001001000000001 (  44)                 ADD   R1 R0 R1
(300B) E085  1110000010000101 (  47)                 LEA   R0 promptNum
(300C) F022  1111000000100010 (  48)                 TRAP  x22
(300D) F020  1111000000100000 (  49)                 TRAP  x20
(300E) F021  1111000000100001 (  50)                 TRAP  x21
(300F) 4836  0100100000110110 (  53)                 JSR   ASCIItoBinary
(3010) 54A0  0101010010100000 (  54)                 AND   R2 R2 #0
(3011) 1402  0001010000000010 (  55)                 ADD   R2 R0 R2
(3012) E0B0  1110000010110000 (  59)                 LEA   R0 promptOperator
(3013) F022  1111000000100010 (  60)                 TRAP  x22
(3014) E0D3  1110000011010011 (  61)                 LEA   R0 opKey
(3015) F022  1111000000100010 (  62)                 TRAP  x22
(3016) E08F  1110000010001111 (  63)                 LEA   R0 promptAnswer
(3017) F022  1111000000100010 (  64)                 TRAP  x22
(3018) E0E7  1110000011100111 (  65)                 LEA   R0 promptExit
(3019) F022  1111000000100010 (  66)                 TRAP  x22
(301A) F020  1111000000100000 (  67)                 TRAP  x20
(301B) F021  1111000000100001 (  68)                 TRAP  x21
(301C) 28FE  0010100011111110 (  71)                 LD    R4 Plus
(301D) 1900  0001100100000000 (  72)                 ADD   R4 R4 R0
(301E) 040D  0000010000001101 (  73)                 BRZ   GoOpAdd
(301F) 28FC  0010100011111100 (  75)                 LD    R4 Minus
(3020) 1900  0001100100000000 (  76)                 ADD   R4 R4 R0
(3021) 040D  0000010000001101 (  77)                 BRZ   GoOpSubtract
(3022) 28FA  0010100011111010 (  79)                 LD    R4 Multi
(3023) 1900  0001100100000000 (  80)                 ADD   R4 R4 R0
(3024) 040D  0000010000001101 (  81)                 BRZ   GoOpMulti
(3025) 28F8  0010100011111000 (  83)                 LD    R4 N
(3026) 1900  0001100100000000 (  84)                 ADD   R4 R4 R0
(3027) 040D  0000010000001101 (  85)                 BRZ   GoOpNegate
(3028) 28F6  0010100011110110 (  87)                 LD    R4 C
(3029) 1900  0001100100000000 (  88)                 ADD   R4 R4 R0
(302A) 0415  0000010000010101 (  89)                 BRZ   GoOpClear
(302B) 0A16  0000101000010110 (  91)                 BRNP  Exit
(302C) 481D  0100100000011101 (  93) GoOpAdd         JSR   OpAdd
(302D) F021  1111000000100001 (  94)                 TRAP  x21
(302E) 0E13  0000111000010011 (  95)                 BRNZP Exit
(302F) 481F  0100100000011111 (  97) GoOpSubtract    JSR   OpSubtract
(3030) F021  1111000000100001 (  98)                 TRAP  x21
(3031) 0E10  0000111000010000 (  99)                 BRNZP Exit
(3032) 4824  0100100000100100 ( 101) GoOpMulti       JSR   OpMulti
(3033) F021  1111000000100001 ( 102)                 TRAP  x21
(3034) 0E0D  0000111000001101 ( 103)                 BRNZP Exit
(3035) 482B  0100100000101011 ( 105) GoOpNegate      JSR   OpNegate
(3036) 28E3  0010100011100011 ( 106)                 LD    R4 ASCIINegSign
(3037) 5B60  0101101101100000 ( 107)                 AND   R5 R5 #0
(3038) 1B40  0001101101000000 ( 108)                 ADD   R5 R5 R0
(3039) 5020  0101000000100000 ( 109)                 AND   R0 R0 #0
(303A) 1004  0001000000000100 ( 110)                 ADD   R0 R0 R4
(303B) F021  1111000000100001 ( 111)                 TRAP  x21
(303C) 5020  0101000000100000 ( 112)                 AND   R0 R0 #0
(303D) 1140  0001000101000000 ( 113)                 ADD   R0 R5 R0
(303E) F021  1111000000100001 ( 114)                 TRAP  x21
(303F) 0E02  0000111000000010 ( 115)                 BRNZP Exit
(3040) 482A  0100100000101010 ( 117) GoOpClear       JSR   OpClear
(3041) 0E00  0000111000000000 ( 118)                 BRNZP Exit
(3042) 5020  0101000000100000 ( 120) Exit            AND   R0 R0 #0
(3043) E0DC  1110000011011100 ( 122)                 LEA   R0 termination
(3044) F022  1111000000100010 ( 123)                 TRAP  x22
(3045) F025  1111000000100101 ( 124)                 TRAP  x25
(3046) 5920  0101100100100000 ( 129) ASCIItoBinary   AND   R4 R4 #0
(3047) 28D0  0010100011010000 ( 130)                 LD    R4 NegASCIIOffset
(3048) 1004  0001000000000100 ( 131)                 ADD   R0 R0 R4
(3049) C1C0  1100000111000000 ( 132)                 RET   
(304A) 56E0  0101011011100000 ( 134) OpAdd           AND   R3 R3 #0
(304B) 1642  0001011001000010 ( 135)                 ADD   R3 R1 R2
(304C) 28CC  0010100011001100 ( 136)                 LD    R4 PosASCIIOffset
(304D) 10C4  0001000011000100 ( 137)                 ADD   R0 R3 R4
(304E) C1C0  1100000111000000 ( 138)                 RET   
(304F) 56E0  0101011011100000 ( 140) OpSubtract      AND   R3 R3 #0
(3050) 94BF  1001010010111111 ( 141)                 NOT   R2 R2
(3051) 14A1  0001010010100001 ( 142)                 ADD   R2 R2 #1
(3052) 28C6  0010100011000110 ( 143)                 LD    R4 PosASCIIOffset
(3053) 5020  0101000000100000 ( 144)                 AND   R0 R0 #0
(3054) 1642  0001011001000010 ( 145)                 ADD   R3 R1 R2
(3055) 10C4  0001000011000100 ( 146)                 ADD   R0 R3 R4
(3056) C1C0  1100000111000000 ( 148)                 RET   
(3057) 56E0  0101011011100000 ( 150) OpMulti         AND   R3 R3 #0
(3058) 5B60  0101101101100000 ( 151)                 AND   R5 R5 #0
(3059) 1A45  0001101001000101 ( 152)                 ADD   R5 R1 R5
(305A) 16C2  0001011011000010 ( 155) MultiLoop       ADD   R3 R3 R2
(305B) 1B7F  0001101101111111 ( 156)                 ADD   R5 R5 #-1
(305C) 03FD  0000001111111101 ( 157)                 BRP   MultiLoop
(305D) 28BB  0010100010111011 ( 159)                 LD    R4 PosASCIIOffset
(305E) 5020  0101000000100000 ( 160)                 AND   R0 R0 #0
(305F) 1103  0001000100000011 ( 161)                 ADD   R0 R4 R3
(3060) C1C0  1100000111000000 ( 162)                 RET   
(3061) 56E0  0101011011100000 ( 165) OpNegate        AND   R3 R3 #0
(3062) 1683  0001011010000011 ( 166)                 ADD   R3 R2 R3
(3063) 1A82  0001101010000010 ( 167)                 ADD   R5 R2 R2
(3064) 96FF  1001011011111111 ( 168)                 NOT   R3 R3
(3065) 16E1  0001011011100001 ( 169)                 ADD   R3 R3 #1
(3066) 28B2  0010100010110010 ( 170)                 LD    R4 PosASCIIOffset
(3067) 5020  0101000000100000 ( 171)                 AND   R0 R0 #0
(3068) 10C4  0001000011000100 ( 172)                 ADD   R0 R3 R4
(3069) 1005  0001000000000101 ( 173)                 ADD   R0 R0 R5
(306A) C1C0  1100000111000000 ( 174)                 RET   
(306B) 5020  0101000000100000 ( 176) OpClear         AND   R0 R0 #0
(306C) 5260  0101001001100000 ( 177)                 AND   R1 R1 #0
(306D) 54A0  0101010010100000 ( 178)                 AND   R2 R2 #0
(306E) 56E0  0101011011100000 ( 179)                 AND   R3 R3 #0
(306F) 5920  0101100100100000 ( 180)                 AND   R4 R4 #0
(3070) 5B60  0101101101100000 ( 181)                 AND   R5 R5 #0
(3071) C1C0  1100000111000000 ( 182)                 RET   
(3072) 0000  0000000000000000 ( 192) answer          .FILL x0000
(3073) 0043  0000000001000011 ( 192) classHeader     .FILL x0043
(3074) 0053  0000000001010011 ( 192)                 .FILL x0053
(3075) 0020  0000000000100000 ( 192)                 .FILL x0020
(3076) 0032  0000000000110010 ( 192)                 .FILL x0032
(3077) 0038  0000000000111000 ( 192)                 .FILL x0038
(3078) 0031  0000000000110001 ( 192)                 .FILL x0031
(3079) 0030  0000000000110000 ( 192)                 .FILL x0030
(307A) 000A  0000000000001010 ( 192)                 .FILL x000A
(307B) 0043  0000000001000011 ( 192)                 .FILL x0043
(307C) 0061  0000000001100001 ( 192)                 .FILL x0061
(307D) 006C  0000000001101100 ( 192)                 .FILL x006C
(307E) 0063  0000000001100011 ( 192)                 .FILL x0063
(307F) 0075  0000000001110101 ( 192)                 .FILL x0075
(3080) 006C  0000000001101100 ( 192)                 .FILL x006C
(3081) 0061  0000000001100001 ( 192)                 .FILL x0061
(3082) 0074  0000000001110100 ( 192)                 .FILL x0074
(3083) 006F  0000000001101111 ( 192)                 .FILL x006F
(3084) 0072  0000000001110010 ( 192)                 .FILL x0072
(3085) 0020  0000000000100000 ( 192)                 .FILL x0020
(3086) 0050  0000000001010000 ( 192)                 .FILL x0050
(3087) 0072  0000000001110010 ( 192)                 .FILL x0072
(3088) 006F  0000000001101111 ( 192)                 .FILL x006F
(3089) 006A  0000000001101010 ( 192)                 .FILL x006A
(308A) 0065  0000000001100101 ( 192)                 .FILL x0065
(308B) 0063  0000000001100011 ( 192)                 .FILL x0063
(308C) 0074  0000000001110100 ( 192)                 .FILL x0074
(308D) 000A  0000000000001010 ( 192)                 .FILL x000A
(308E) 000A  0000000000001010 ( 192)                 .FILL x000A
(308F) 0000  0000000000000000 ( 192)                 .FILL x0000
(3090) 000A  0000000000001010 ( 193) newLine         .FILL x000A
(3091) 000A  0000000000001010 ( 194) promptNum       .FILL x000A
(3092) 0045  0000000001000101 ( 194)                 .FILL x0045
(3093) 006E  0000000001101110 ( 194)                 .FILL x006E
(3094) 0074  0000000001110100 ( 194)                 .FILL x0074
(3095) 0065  0000000001100101 ( 194)                 .FILL x0065
(3096) 0072  0000000001110010 ( 194)                 .FILL x0072
(3097) 0020  0000000000100000 ( 194)                 .FILL x0020
(3098) 0061  0000000001100001 ( 194)                 .FILL x0061
(3099) 0020  0000000000100000 ( 194)                 .FILL x0020
(309A) 006E  0000000001101110 ( 194)                 .FILL x006E
(309B) 0075  0000000001110101 ( 194)                 .FILL x0075
(309C) 006D  0000000001101101 ( 194)                 .FILL x006D
(309D) 0062  0000000001100010 ( 194)                 .FILL x0062
(309E) 0065  0000000001100101 ( 194)                 .FILL x0065
(309F) 0072  0000000001110010 ( 194)                 .FILL x0072
(30A0) 0020  0000000000100000 ( 194)                 .FILL x0020
(30A1) 0030  0000000000110000 ( 194)                 .FILL x0030
(30A2) 002D  0000000000101101 ( 194)                 .FILL x002D
(30A3) 0039  0000000000111001 ( 194)                 .FILL x0039
(30A4) 000A  0000000000001010 ( 194)                 .FILL x000A
(30A5) 0000  0000000000000000 ( 194)                 .FILL x0000
(30A6) 000A  0000000000001010 ( 195) promptAnswer    .FILL x000A
(30A7) 0041  0000000001000001 ( 195)                 .FILL x0041
(30A8) 006E  0000000001101110 ( 195)                 .FILL x006E
(30A9) 0073  0000000001110011 ( 195)                 .FILL x0073
(30AA) 0077  0000000001110111 ( 195)                 .FILL x0077
(30AB) 0065  0000000001100101 ( 195)                 .FILL x0065
(30AC) 0072  0000000001110010 ( 195)                 .FILL x0072
(30AD) 0020  0000000000100000 ( 195)                 .FILL x0020
(30AE) 0072  0000000001110010 ( 195)                 .FILL x0072
(30AF) 0061  0000000001100001 ( 195)                 .FILL x0061
(30B0) 006E  0000000001101110 ( 195)                 .FILL x006E
(30B1) 0067  0000000001100111 ( 195)                 .FILL x0067
(30B2) 0065  0000000001100101 ( 195)                 .FILL x0065
(30B3) 0020  0000000000100000 ( 195)                 .FILL x0020
(30B4) 0076  0000000001110110 ( 195)                 .FILL x0076
(30B5) 0061  0000000001100001 ( 195)                 .FILL x0061
(30B6) 006C  0000000001101100 ( 195)                 .FILL x006C
(30B7) 0069  0000000001101001 ( 195)                 .FILL x0069
(30B8) 0064  0000000001100100 ( 195)                 .FILL x0064
(30B9) 0020  0000000000100000 ( 195)                 .FILL x0020
(30BA) 0066  0000000001100110 ( 195)                 .FILL x0066
(30BB) 0072  0000000001110010 ( 195)                 .FILL x0072
(30BC) 006F  0000000001101111 ( 195)                 .FILL x006F
(30BD) 006D  0000000001101101 ( 195)                 .FILL x006D
(30BE) 0020  0000000000100000 ( 195)                 .FILL x0020
(30BF) 0030  0000000000110000 ( 195)                 .FILL x0030
(30C0) 002D  0000000000101101 ( 195)                 .FILL x002D
(30C1) 0039  0000000000111001 ( 195)                 .FILL x0039
(30C2) 0000  0000000000000000 ( 195)                 .FILL x0000
(30C3) 000A  0000000000001010 ( 196) promptOperator  .FILL x000A
(30C4) 0043  0000000001000011 ( 196)                 .FILL x0043
(30C5) 0068  0000000001101000 ( 196)                 .FILL x0068
(30C6) 006F  0000000001101111 ( 196)                 .FILL x006F
(30C7) 006F  0000000001101111 ( 196)                 .FILL x006F
(30C8) 0073  0000000001110011 ( 196)                 .FILL x0073
(30C9) 0065  0000000001100101 ( 196)                 .FILL x0065
(30CA) 0020  0000000000100000 ( 196)                 .FILL x0020
(30CB) 006F  0000000001101111 ( 196)                 .FILL x006F
(30CC) 0070  0000000001110000 ( 196)                 .FILL x0070
(30CD) 0065  0000000001100101 ( 196)                 .FILL x0065
(30CE) 0072  0000000001110010 ( 196)                 .FILL x0072
(30CF) 0061  0000000001100001 ( 196)                 .FILL x0061
(30D0) 0074  0000000001110100 ( 196)                 .FILL x0074
(30D1) 0069  0000000001101001 ( 196)                 .FILL x0069
(30D2) 006F  0000000001101111 ( 196)                 .FILL x006F
(30D3) 006E  0000000001101110 ( 196)                 .FILL x006E
(30D4) 003A  0000000000111010 ( 196)                 .FILL x003A
(30D5) 0020  0000000000100000 ( 196)                 .FILL x0020
(30D6) 002B  0000000000101011 ( 196)                 .FILL x002B
(30D7) 002C  0000000000101100 ( 196)                 .FILL x002C
(30D8) 0020  0000000000100000 ( 196)                 .FILL x0020
(30D9) 002D  0000000000101101 ( 196)                 .FILL x002D
(30DA) 002C  0000000000101100 ( 196)                 .FILL x002C
(30DB) 0020  0000000000100000 ( 196)                 .FILL x0020
(30DC) 002A  0000000000101010 ( 196)                 .FILL x002A
(30DD) 002C  0000000000101100 ( 196)                 .FILL x002C
(30DE) 0020  0000000000100000 ( 196)                 .FILL x0020
(30DF) 006E  0000000001101110 ( 196)                 .FILL x006E
(30E0) 002C  0000000000101100 ( 196)                 .FILL x002C
(30E1) 0020  0000000000100000 ( 196)                 .FILL x0020
(30E2) 006F  0000000001101111 ( 196)                 .FILL x006F
(30E3) 0072  0000000001110010 ( 196)                 .FILL x0072
(30E4) 0020  0000000000100000 ( 196)                 .FILL x0020
(30E5) 0063  0000000001100011 ( 196)                 .FILL x0063
(30E6) 000A  0000000000001010 ( 196)                 .FILL x000A
(30E7) 0000  0000000000000000 ( 196)                 .FILL x0000
(30E8) 000A  0000000000001010 ( 197) opKey           .FILL x000A
(30E9) 006E  0000000001101110 ( 197)                 .FILL x006E
(30EA) 0020  0000000000100000 ( 197)                 .FILL x0020
(30EB) 003D  0000000000111101 ( 197)                 .FILL x003D
(30EC) 0020  0000000000100000 ( 197)                 .FILL x0020
(30ED) 006E  0000000001101110 ( 197)                 .FILL x006E
(30EE) 0065  0000000001100101 ( 197)                 .FILL x0065
(30EF) 0067  0000000001100111 ( 197)                 .FILL x0067
(30F0) 0061  0000000001100001 ( 197)                 .FILL x0061
(30F1) 0074  0000000001110100 ( 197)                 .FILL x0074
(30F2) 0065  0000000001100101 ( 197)                 .FILL x0065
(30F3) 002C  0000000000101100 ( 197)                 .FILL x002C
(30F4) 0020  0000000000100000 ( 197)                 .FILL x0020
(30F5) 0063  0000000001100011 ( 197)                 .FILL x0063
(30F6) 0020  0000000000100000 ( 197)                 .FILL x0020
(30F7) 003D  0000000000111101 ( 197)                 .FILL x003D
(30F8) 0020  0000000000100000 ( 197)                 .FILL x0020
(30F9) 0063  0000000001100011 ( 197)                 .FILL x0063
(30FA) 006C  0000000001101100 ( 197)                 .FILL x006C
(30FB) 0065  0000000001100101 ( 197)                 .FILL x0065
(30FC) 0061  0000000001100001 ( 197)                 .FILL x0061
(30FD) 0072  0000000001110010 ( 197)                 .FILL x0072
(30FE) 000A  0000000000001010 ( 197)                 .FILL x000A
(30FF) 0000  0000000000000000 ( 197)                 .FILL x0000
(3100) 000A  0000000000001010 ( 198) promptExit      .FILL x000A
(3101) 0045  0000000001000101 ( 198)                 .FILL x0045
(3102) 006E  0000000001101110 ( 198)                 .FILL x006E
(3103) 0074  0000000001110100 ( 198)                 .FILL x0074
(3104) 0065  0000000001100101 ( 198)                 .FILL x0065
(3105) 0072  0000000001110010 ( 198)                 .FILL x0072
(3106) 0020  0000000000100000 ( 198)                 .FILL x0020
(3107) 0061  0000000001100001 ( 198)                 .FILL x0061
(3108) 006E  0000000001101110 ( 198)                 .FILL x006E
(3109) 0079  0000000001111001 ( 198)                 .FILL x0079
(310A) 0020  0000000000100000 ( 198)                 .FILL x0020
(310B) 006B  0000000001101011 ( 198)                 .FILL x006B
(310C) 0065  0000000001100101 ( 198)                 .FILL x0065
(310D) 0079  0000000001111001 ( 198)                 .FILL x0079
(310E) 0020  0000000000100000 ( 198)                 .FILL x0020
(310F) 0074  0000000001110100 ( 198)                 .FILL x0074
(3110) 006F  0000000001101111 ( 198)                 .FILL x006F
(3111) 0020  0000000000100000 ( 198)                 .FILL x0020
(3112) 0045  0000000001000101 ( 198)                 .FILL x0045
(3113) 0078  0000000001111000 ( 198)                 .FILL x0078
(3114) 0069  0000000001101001 ( 198)                 .FILL x0069
(3115) 0074  0000000001110100 ( 198)                 .FILL x0074
(3116) 000A  0000000000001010 ( 198)                 .FILL x000A
(3117) 0000  0000000000000000 ( 198)                 .FILL x0000
(3118) FFD0  1111111111010000 ( 199) NegASCIIOffset  .FILL xFFD0
(3119) 0030  0000000000110000 ( 200) PosASCIIOffset  .FILL x0030
(311A) 002D  0000000000101101 ( 201) ASCIINegSign    .FILL x002D
(311B) FFD5  1111111111010101 ( 202) Plus            .FILL xFFD5
(311C) FFD3  1111111111010011 ( 203) Minus           .FILL xFFD3
(311D) FFD6  1111111111010110 ( 204) Multi           .FILL xFFD6
(311E) FF92  1111111110010010 ( 205) N               .FILL xFF92
(311F) FF9D  1111111110011101 ( 206) C               .FILL xFF9D
(3120) 000A  0000000000001010 ( 207) termination     .FILL x000A
(3121) 0045  0000000001000101 ( 207)                 .FILL x0045
(3122) 0078  0000000001111000 ( 207)                 .FILL x0078
(3123) 0069  0000000001101001 ( 207)                 .FILL x0069
(3124) 0074  0000000001110100 ( 207)                 .FILL x0074
(3125) 0069  0000000001101001 ( 207)                 .FILL x0069
(3126) 006E  0000000001101110 ( 207)                 .FILL x006E
(3127) 0067  0000000001100111 ( 207)                 .FILL x0067
(3128) 0000  0000000000000000 ( 207)                 .FILL x0000
